<?xml version="1.0" encoding="UTF-8"?>
<!-- Generated by org.testng.reporters.JUnitReportReporter -->
<testsuite hostname="DESKTOP-PTK84VK" failures="0" tests="1" name="testng.IFrame" time="16.935" errors="0" timestamp="2021-05-16T10:30:59 IST" skipped="0">
  <testcase classname="testng.IFrame" name="iframe" time="16.935"/>
  <system-out/>
</testsuite> <!-- testng.IFrame -->
