<?xml version="1.0" encoding="UTF-8"?>
<!-- Generated by org.testng.reporters.JUnitReportReporter -->
<testsuite hostname="DESKTOP-PTK84VK" failures="0" tests="2" name="annotations.Annotations2" time="0.054" errors="0" timestamp="2021-05-31T23:37:47 IST" skipped="0">
  <testcase classname="annotations.Annotations2" name="test3" time="0.051"/>
  <system-out/>
  <testcase classname="annotations.Annotations2" name="test4" time="0.003"/>
  <system-out/>
</testsuite> <!-- annotations.Annotations2 -->
