<?xml version="1.0" encoding="UTF-8"?>
<!-- Generated by org.testng.reporters.JUnitReportReporter -->
<testsuite hostname="DESKTOP-PTK84VK" failures="0" tests="1" name="Scrolling.Scroll" time="3.586" errors="0" timestamp="2021-05-24T00:15:19 IST" skipped="0">
  <testcase classname="Scrolling.Scroll" name="Scrollupanddown" time="3.586"/>
  <system-out/>
</testsuite> <!-- Scrolling.Scroll -->
