<?xml version="1.0" encoding="UTF-8"?>
<!-- Generated by org.testng.reporters.JUnitReportReporter -->
<testsuite hostname="DESKTOP-PTK84VK" failures="0" tests="1" name="webdrivercommands.ConditionalCommands" time="5.134" errors="0" timestamp="2021-05-24T18:10:49 IST" skipped="0">
  <testcase classname="webdrivercommands.ConditionalCommands" name="conditional" time="5.134"/>
  <system-out/>
</testsuite> <!-- webdrivercommands.ConditionalCommands -->
