<?xml version="1.0" encoding="UTF-8"?>
<!-- Generated by org.testng.reporters.JUnitReportReporter -->
<testsuite hostname="DESKTOP-PTK84VK" failures="0" tests="1" name="actionclass.MouseRightclick" time="9.957" errors="0" timestamp="2021-05-23T14:22:50 IST" skipped="0">
  <testcase classname="actionclass.MouseRightclick" name="rightclick" time="9.957"/>
  <system-out/>
</testsuite> <!-- actionclass.MouseRightclick -->
