<?xml version="1.0" encoding="UTF-8"?>
<!-- Generated by org.testng.reporters.JUnitReportReporter -->
<testsuite hostname="DESKTOP-PTK84VK" failures="0" tests="1" name="actionclass.DragandDrop" time="0.954" errors="0" timestamp="2021-05-23T20:29:07 IST" skipped="0">
  <testcase classname="actionclass.DragandDrop" name="dragdrop" time="0.954"/>
  <system-out/>
</testsuite> <!-- actionclass.DragandDrop -->
