<?xml version="1.0" encoding="UTF-8"?>
<!-- Generated by org.testng.reporters.JUnitReportReporter -->
<testsuite hostname="DESKTOP-PTK84VK" failures="0" tests="1" name="actionclass.Slider" time="1.339" errors="0" timestamp="2021-05-23T20:43:35 IST" skipped="0">
  <testcase classname="actionclass.Slider" name="slider" time="1.339"/>
  <system-out/>
</testsuite> <!-- actionclass.Slider -->
