<?xml version="1.0" encoding="UTF-8"?>
<!-- Generated by org.testng.reporters.JUnitReportReporter -->
<testsuite hostname="DESKTOP-PTK84VK" failures="0" tests="1" name="webdrivercommands.NavigationCommands" time="22.055" errors="0" timestamp="2021-05-24T17:22:24 IST" skipped="0">
  <testcase classname="webdrivercommands.NavigationCommands" name="navigate" time="22.055"/>
  <system-out/>
</testsuite> <!-- webdrivercommands.NavigationCommands -->
