<?xml version="1.0" encoding="UTF-8"?>
<!-- Generated by org.testng.reporters.JUnitReportReporter -->
<testsuite hostname="DESKTOP-PTK84VK" failures="0" tests="1" name="testng.Alert" time="0.335" errors="0" timestamp="2021-05-13T22:47:27 IST" skipped="0">
  <testcase classname="testng.Alert" name="alertBox3" time="0.335"/>
  <system-out/>
</testsuite> <!-- testng.Alert -->
