<?xml version="1.0" encoding="UTF-8"?>
<!-- Generated by org.testng.reporters.JUnitReportReporter -->
<testsuite hostname="DESKTOP-PTK84VK" failures="0" tests="1" name="actionclass.KeyboardAction" time="9.737" errors="0" timestamp="2021-05-24T23:52:07 IST" skipped="0">
  <testcase classname="actionclass.KeyboardAction" name="Keyboard" time="9.737"/>
  <system-out/>
</testsuite> <!-- actionclass.KeyboardAction -->
