<?xml version="1.0" encoding="UTF-8"?>
<!-- Generated by org.testng.reporters.JUnitReportReporter -->
<testsuite hostname="DESKTOP-PTK84VK" failures="0" tests="1" name="testng.AdditionProgram" time="1.433" errors="0" timestamp="2021-05-19T00:57:25 IST" skipped="0">
  <testcase classname="testng.AdditionProgram" name="urlVerification" time="1.433"/>
  <system-out/>
</testsuite> <!-- testng.AdditionProgram -->
