<?xml version="1.0" encoding="UTF-8"?>
<!-- Generated by org.testng.reporters.JUnitReportReporter -->
<testsuite hostname="DESKTOP-PTK84VK" failures="0" tests="1" name="webdrivercommands.GetCommands" time="0.938" errors="0" timestamp="2021-05-24T12:49:53 IST" skipped="0">
  <testcase classname="webdrivercommands.GetCommands" name="getcommand" time="0.938"/>
  <system-out/>
</testsuite> <!-- webdrivercommands.GetCommands -->
