<?xml version="1.0" encoding="UTF-8"?>
<!-- Generated by org.testng.reporters.JUnitReportReporter -->
<testsuite skipped="0" hostname="DESKTOP-PTK84VK" name="paralleltesting.ParallelTest1" tests="2" failures="0" timestamp="2021-06-02T00:07:52 IST" time="5.141" errors="0">
  <testcase name="urlVerification" time="5.035" classname="paralleltesting.ParallelTest1"/>
  <system-out/>
  <testcase name="titleVerification" time="0.106" classname="paralleltesting.ParallelTest1"/>
  <system-out/>
</testsuite> <!-- paralleltesting.ParallelTest1 -->
