<?xml version="1.0" encoding="UTF-8"?>
<!-- Generated by org.testng.reporters.JUnitReportReporter -->
<testsuite hostname="DESKTOP-PTK84VK" failures="0" tests="1" name="actionclass.MouseOver" time="1.201" errors="0" timestamp="2021-05-23T13:57:31 IST" skipped="0">
  <testcase classname="actionclass.MouseOver" name="additionVerification" time="1.201"/>
  <system-out/>
</testsuite> <!-- actionclass.MouseOver -->
