<?xml version="1.0" encoding="UTF-8"?>
<!-- Generated by org.testng.reporters.JUnitReportReporter -->
<testsuite hostname="DESKTOP-PTK84VK" failures="0" tests="1" name="actionclass.Tooltip" time="0.218" errors="0" timestamp="2021-05-24T01:09:08 IST" skipped="0">
  <testcase classname="actionclass.Tooltip" name="tooltip" time="0.218"/>
  <system-out/>
</testsuite> <!-- actionclass.Tooltip -->
