<?xml version="1.0" encoding="UTF-8"?>
<!-- Generated by org.testng.reporters.JUnitReportReporter -->
<testsuite hostname="DESKTOP-PTK84VK" failures="0" tests="1" name="testng.RadioButton" time="18.401" errors="0" timestamp="2021-05-19T16:31:15 IST" skipped="0">
  <testcase classname="testng.RadioButton" name="radioButton" time="18.401"/>
  <system-out/>
</testsuite> <!-- testng.RadioButton -->
