<?xml version="1.0" encoding="UTF-8"?>
<!-- Generated by org.testng.reporters.JUnitReportReporter -->
<testsuite hostname="DESKTOP-PTK84VK" failures="0" tests="1" name="webdrivercommands.ExplicitWait" time="8.976" errors="0" timestamp="2021-05-25T20:03:20 IST" skipped="0">
  <testcase classname="webdrivercommands.ExplicitWait" name="explicitwaitCommon" time="8.976"/>
  <system-out/>
</testsuite> <!-- webdrivercommands.ExplicitWait -->
