<?xml version="1.0" encoding="UTF-8"?>
<!-- Generated by org.testng.reporters.JUnitReportReporter -->
<testsuite hostname="DESKTOP-PTK84VK" failures="0" tests="1" name="webdrivercommands.SwitchingWindows" time="6.788" errors="0" timestamp="2021-05-24T23:07:54 IST" skipped="0">
  <testcase classname="webdrivercommands.SwitchingWindows" name="Switchwindow" time="6.788"/>
  <system-out/>
</testsuite> <!-- webdrivercommands.SwitchingWindows -->
