<?xml version="1.0" encoding="UTF-8"?>
<!-- Generated by org.testng.reporters.JUnitReportReporter -->
<testsuite hostname="DESKTOP-PTK84VK" failures="0" tests="2" name="annotations.CustomDataproviderExample" time="0.058" errors="0" timestamp="2021-06-01T01:36:35 IST" skipped="0">
  <testcase classname="annotations.CustomDataproviderExample" name="loginTest" time="0.056"/>
  <system-out/>
  <testcase classname="annotations.CustomDataproviderExample" name="loginTest" time="0.002"/>
  <system-out/>
</testsuite> <!-- annotations.CustomDataproviderExample -->
