<?xml version="1.0" encoding="UTF-8"?>
<!-- Generated by org.testng.reporters.JUnitReportReporter -->
<testsuite hostname="DESKTOP-PTK84VK" failures="0" tests="1" name="testng.MouseAction" time="0.545" errors="0" timestamp="2021-05-20T23:37:53 IST" skipped="0">
  <testcase classname="testng.MouseAction" name="mouseHover" time="0.545"/>
  <system-out/>
</testsuite> <!-- testng.MouseAction -->
