<?xml version="1.0" encoding="UTF-8"?>
<!-- Generated by org.testng.reporters.JUnitReportReporter -->
<testsuite hostname="DESKTOP-PTK84VK" failures="0" tests="2" name="annotations.Annotations" time="0.009" errors="0" timestamp="2021-05-31T23:37:47 IST" skipped="0">
  <testcase classname="annotations.Annotations" name="test1" time="0.005"/>
  <system-out/>
  <testcase classname="annotations.Annotations" name="test2" time="0.004"/>
  <system-out/>
</testsuite> <!-- annotations.Annotations -->
