<?xml version="1.0" encoding="UTF-8"?>
<!-- Generated by org.testng.reporters.JUnitReportReporter -->
<testsuite hostname="DESKTOP-PTK84VK" failures="0" tests="1" name="actionclass.DoubleClick" time="2.998" errors="0" timestamp="2021-05-25T00:29:25 IST" skipped="0">
  <testcase classname="actionclass.DoubleClick" name="doubleClick" time="2.998"/>
  <system-out/>
</testsuite> <!-- actionclass.DoubleClick -->
