<?xml version="1.0" encoding="UTF-8"?>
<!-- Generated by org.testng.reporters.JUnitReportReporter -->
<testsuite hostname="DESKTOP-PTK84VK" failures="0" tests="1" name="actionclass.MultipleKeyboardAction" time="1.199" errors="0" timestamp="2021-05-25T00:13:38 IST" skipped="0">
  <testcase classname="actionclass.MultipleKeyboardAction" name="MultipleAction" time="1.199"/>
  <system-out/>
</testsuite> <!-- actionclass.MultipleKeyboardAction -->
