<?xml version="1.0" encoding="UTF-8"?>
<!-- Generated by org.testng.reporters.JUnitReportReporter -->
<testsuite hostname="DESKTOP-PTK84VK" failures="0" tests="1" name="webdrivercommands.CloseAndQuit" time="0.462" errors="0" timestamp="2021-05-24T13:14:31 IST" skipped="0">
  <testcase classname="webdrivercommands.CloseAndQuit" name="closequit" time="0.462"/>
  <system-out/>
</testsuite> <!-- webdrivercommands.CloseAndQuit -->
