<?xml version="1.0" encoding="UTF-8"?>
<!-- Generated by org.testng.reporters.JUnitReportReporter -->
<testsuite hostname="DESKTOP-PTK84VK" failures="0" tests="5" name="annotations.GroupingExample" time="0.069" errors="0" timestamp="2021-06-01T00:10:16 IST" skipped="0">
  <testcase classname="annotations.GroupingExample" name="test3" time="0.002"/>
  <system-out/>
  <testcase classname="annotations.GroupingExample" name="test4" time="0.002"/>
  <system-out/>
  <testcase classname="annotations.GroupingExample" name="test1" time="0.059"/>
  <system-out/>
  <testcase classname="annotations.GroupingExample" name="test2" time="0.004"/>
  <system-out/>
  <testcase classname="annotations.GroupingExample" name="test5" time="0.002"/>
  <system-out/>
</testsuite> <!-- annotations.GroupingExample -->
