<?xml version="1.0" encoding="UTF-8"?>
<!-- Generated by org.testng.reporters.JUnitReportReporter -->
<testsuite hostname="DESKTOP-PTK84VK" failures="0" tests="1" name="testng.DropDown" time="8.415" errors="0" timestamp="2021-05-13T23:16:03 IST" skipped="0">
  <testcase classname="testng.DropDown" name="multiSelect" time="8.415"/>
  <system-out/>
</testsuite> <!-- testng.DropDown -->
