<?xml version="1.0" encoding="UTF-8"?>
<!-- Generated by org.testng.reporters.JUnitReportReporter -->
<testsuite hostname="DESKTOP-PTK84VK" failures="0" tests="1" name="testng.WebTable" time="4.809" errors="0" timestamp="2021-05-19T19:28:16 IST" skipped="0">
  <testcase classname="testng.WebTable" name="webTable" time="4.809"/>
  <system-out/>
</testsuite> <!-- testng.WebTable -->
