<?xml version="1.0" encoding="UTF-8"?>
<!-- Generated by org.testng.reporters.JUnitReportReporter -->
<testsuite skipped="0" hostname="DESKTOP-PTK84VK" name="annotations.DataproviderExample" tests="2" failures="0" timestamp="2021-06-01T23:18:15 IST" time="0.115" errors="0">
  <testcase name="loginTest" time="0.004" classname="annotations.DataproviderExample"/>
  <system-out/>
  <testcase name="loginTest" time="0.111" classname="annotations.DataproviderExample"/>
  <system-out/>
</testsuite> <!-- annotations.DataproviderExample -->
