<?xml version="1.0" encoding="UTF-8"?>
<!-- Generated by org.testng.reporters.JUnitReportReporter -->
<testsuite hostname="DESKTOP-PTK84VK" failures="0" tests="1" name="webdrivercommands.ImplicitWait" time="11.336" errors="0" timestamp="2021-05-25T19:30:59 IST" skipped="0">
  <testcase classname="webdrivercommands.ImplicitWait" name="implicitWait" time="11.336"/>
  <system-out/>
</testsuite> <!-- webdrivercommands.ImplicitWait -->
