<?xml version="1.0" encoding="UTF-8"?>
<!-- Generated by org.testng.reporters.JUnitReportReporter -->
<testsuite hostname="DESKTOP-PTK84VK" failures="0" tests="4" name="annotations.ParametersExample" time="0.489" errors="0" timestamp="2021-06-01T01:07:02 IST" skipped="0">
  <testcase classname="annotations.ParametersExample" name="urlVerification" time="0.114"/>
  <system-out/>
  <testcase classname="annotations.ParametersExample" name="urlVerification" time="0.341"/>
  <system-out/>
  <testcase classname="annotations.ParametersExample" name="titleVerification" time="0.015"/>
  <system-out/>
  <testcase classname="annotations.ParametersExample" name="titleVerification" time="0.019"/>
  <system-out/>
</testsuite> <!-- annotations.ParametersExample -->
