<?xml version="1.0" encoding="UTF-8"?>
<!-- Generated by org.testng.reporters.JUnitReportReporter -->
<testsuite hostname="DESKTOP-PTK84VK" failures="0" tests="1" name="webdrivercommands.WindowHandles" time="3.453" errors="0" timestamp="2021-05-29T23:14:20 IST" skipped="0">
  <testcase classname="webdrivercommands.WindowHandles" name="windowHandles" time="3.453"/>
  <system-out/>
</testsuite> <!-- webdrivercommands.WindowHandles -->
